<?xml version="1.0" encoding="UTF-8"?>
<!-- Generated by org.testng.reporters.JUnitXMLReporter -->
<testsuite ignored="0" hostname="Hanuman" failures="0" tests="2" name="Accounts Page Test" time="17.723" errors="0" timestamp="2025-09-09T19:30:09 IST">
  <testcase classname="com.qa.opencart.tests.AccountsPageTest" name="accPageHeadersTest" time="0.168"/>
  <testcase classname="com.qa.opencart.tests.AccountsPageTest" name="getAccPageTitleTest" time="1.337"/>
</testsuite> <!-- Accounts Page Test -->
