<?xml version="1.0" encoding="UTF-8"?>
<!-- Generated by org.testng.reporters.JUnitXMLReporter -->
<testsuite ignored="0" hostname="Hanuman" failures="0" tests="1" name="Login Page Test_chrome" time="11.817" errors="0" timestamp="2025-09-25T11:51:35 IST">
  <testcase classname="com.qa.opencart.base.BaseTest" name="@BeforeTest setUp" time="11.194">
    <failure type="org.openqa.selenium.SessionNotCreatedException" message="Could not start a new session. Possible causes are invalid address of the remote server or browser start-up failure. 
Host info: host: &amp;apos;HANUMAN&amp;apos;, ip: &amp;apos;192.168.29.69&amp;apos;">
      <![CDATA[org.openqa.selenium.SessionNotCreatedException: Could not start a new session. Possible causes are invalid address of the remote server or browser start-up failure. 
Host info: host: 'HANUMAN', ip: '192.168.29.69'
at org.openqa.selenium.remote.RemoteWebDriver.execute(RemoteWebDriver.java:575)
at org.openqa.selenium.remote.RemoteWebDriver.startSession(RemoteWebDriver.java:246)
at org.openqa.selenium.remote.RemoteWebDriver.<init>(RemoteWebDriver.java:174)
at org.openqa.selenium.remote.RemoteWebDriver.<init>(RemoteWebDriver.java:152)
at com.qa.opencart.factory.DriverFactory.init_remoteDriver(DriverFactory.java:109)
at com.qa.opencart.factory.DriverFactory.initDriver(DriverFactory.java:56)
at com.qa.opencart.base.BaseTest.setUp(BaseTest.java:52)
at java.base/jdk.internal.reflect.NativeMethodAccessorImpl.invoke0(Native Method)
at java.base/jdk.internal.reflect.NativeMethodAccessorImpl.invoke(NativeMethodAccessorImpl.java:62)
at java.base/jdk.internal.reflect.DelegatingMethodAccessorImpl.invoke(DelegatingMethodAccessorImpl.java:43)
at java.base/java.lang.reflect.Method.invoke(Method.java:566)
at org.testng.internal.invokers.MethodInvocationHelper.invokeMethod(MethodInvocationHelper.java:141)
at org.testng.internal.invokers.MethodInvocationHelper.invokeMethodConsideringTimeout(MethodInvocationHelper.java:71)
at org.testng.internal.invokers.ConfigInvoker.invokeConfigurationMethod(ConfigInvoker.java:400)
at org.testng.internal.invokers.ConfigInvoker.invokeConfigurations(ConfigInvoker.java:333)
at org.testng.TestRunner.invokeTestConfigurations(TestRunner.java:657)
at org.testng.TestRunner.beforeRun(TestRunner.java:646)
at org.testng.TestRunner.run(TestRunner.java:612)
at org.testng.SuiteRunner.runTest(SuiteRunner.java:421)
at org.testng.SuiteRunner$SuiteWorker.run(SuiteRunner.java:463)
at org.testng.internal.thread.ThreadUtil.lambda$execute$0(ThreadUtil.java:64)
at java.base/java.util.concurrent.FutureTask.run(FutureTask.java:264)
at java.base/java.util.concurrent.ThreadPoolExecutor.runWorker(ThreadPoolExecutor.java:1128)
at java.base/java.util.concurrent.ThreadPoolExecutor$Worker.run(ThreadPoolExecutor.java:628)
at java.base/java.lang.Thread.run(Thread.java:834)
Caused by: org.openqa.selenium.TimeoutException: java.net.http.HttpConnectTimeoutException: HTTP connect timed out
Build info: version: '4.35.0', revision: '1c58e5028b'
System info: os.name: 'Windows 11', os.arch: 'amd64', os.version: '10.0', java.version: '11.0.26'
Driver info: driver.version: unknown
at org.openqa.selenium.remote.http.jdk.JdkHttpClient.execute0(JdkHttpClient.java:498)
at org.openqa.selenium.remote.http.AddSeleniumUserAgent.lambda$apply$0(AddSeleniumUserAgent.java:42)
at org.openqa.selenium.remote.http.Filter.lambda$andFinally$1(Filter.java:55)
at org.openqa.selenium.remote.http.jdk.JdkHttpClient.lambda$executeAsync$2(JdkHttpClient.java:387)
at java.base/java.util.concurrent.Executors$RunnableAdapter.call(Executors.java:515)
... 4 more
Caused by: java.net.http.HttpConnectTimeoutException: HTTP connect timed out
at java.net.http/jdk.internal.net.http.HttpClientImpl.send(HttpClientImpl.java:554)
at java.net.http/jdk.internal.net.http.HttpClientFacade.send(HttpClientFacade.java:119)
at org.openqa.selenium.remote.http.jdk.JdkHttpClient.execute0(JdkHttpClient.java:459)
... 8 more
Caused by: java.net.http.HttpConnectTimeoutException: HTTP connect timed out
at java.net.http/jdk.internal.net.http.MultiExchange.toTimeoutException(MultiExchange.java:508)
at java.net.http/jdk.internal.net.http.MultiExchange.getExceptionalCF(MultiExchange.java:455)
at java.net.http/jdk.internal.net.http.MultiExchange.lambda$responseAsyncImpl$7(MultiExchange.java:382)
at java.base/java.util.concurrent.CompletableFuture.uniHandle(CompletableFuture.java:930)
at java.base/java.util.concurrent.CompletableFuture$UniHandle.tryFire(CompletableFuture.java:907)
at java.base/java.util.concurrent.CompletableFuture.postComplete(CompletableFuture.java:506)
at java.base/java.util.concurrent.CompletableFuture.completeExceptionally(CompletableFuture.java:2090)
at java.net.http/jdk.internal.net.http.Http1Exchange.lambda$cancelImpl$9(Http1Exchange.java:491)
... 3 more
Caused by: java.net.ConnectException: HTTP connect timed out
at java.net.http/jdk.internal.net.http.MultiExchange.toTimeoutException(MultiExchange.java:509)
... 10 more
]]>
    </failure>
  </testcase> <!-- @BeforeTest setUp -->
  <testcase classname="com.qa.opencart.base.BaseTest" name="@AfterMethod attachScreenshot" time="0.0">
    <skipped/>
  </testcase> <!-- @AfterMethod attachScreenshot -->
  <testcase classname="com.qa.opencart.base.BaseTest" name="@AfterTest tearDown" time="0.0">
    <skipped/>
  </testcase> <!-- @AfterTest tearDown -->
  <testcase classname="com.qa.opencart.tests.LoginPageTest" name="loginTest" time="0.0">
    <skipped/>
  </testcase> <!-- loginTest -->
</testsuite> <!-- Login Page Test_chrome -->
