<?xml version="1.0" encoding="UTF-8"?>
<!-- Generated by org.testng.reporters.JUnitXMLReporter -->
<testsuite ignored="0" hostname="Hanuman" failures="0" tests="5" name="Login Test_chrome" time="21.544" errors="0" timestamp="2025-09-09T19:21:58 IST">
  <testcase classname="com.qa.opencart.tests.LoginPageTest" name="isForgotPWDLinkExistTest" time="0.999"/>
  <testcase classname="com.qa.opencart.tests.LoginPageTest" name="isLoginPageHeaderExistTest" time="1.183"/>
  <testcase classname="com.qa.opencart.tests.LoginPageTest" name="loginPageTitleTest" time="0.312"/>
  <testcase classname="com.qa.opencart.tests.LoginPageTest" name="loginPageURLTest" time="0.058"/>
  <testcase classname="com.qa.opencart.tests.LoginPageTest" name="loginTest" time="4.99"/>
</testsuite> <!-- Login Test_chrome -->
