2025-09-25 12:34:38 INFO  ElementUtil:125 - element is found using : By.linkText: Forgotten Password
2025-09-25 12:34:39 INFO  ElementUtil:125 - element is found using : By.tagName: h2
2025-09-25 12:34:39 INFO  ElementUtil:362 - waiting for element using By locator: By.id: input-email within time out: 10
2025-09-25 12:34:40 INFO  ElementUtil:48 - entering the value : anu@111 into locator: By.id: input-password
2025-09-25 12:34:40 INFO  ElementUtil:125 - element is found using : By.id: input-password
2025-09-25 12:34:41 INFO  ElementUtil:63 - clicking on element using : By.xpath: //input[@value='Login']
2025-09-25 12:34:41 INFO  ElementUtil:125 - element is found using : By.xpath: //input[@value='Login']
2025-09-25 12:34:41 INFO  ElementUtil:362 - waiting for element using By locator: By.xpath: (//a[text()='Logout'])[2] within time out: 10
2025-09-25 12:34:43 INFO  ElementUtil:125 - element is found using : By.xpath: (//a[text()='Logout'])[2]
2025-09-25 12:37:23 INFO  ElementUtil:125 - element is found using : By.linkText: Forgotten Password
2025-09-25 12:37:24 INFO  ElementUtil:125 - element is found using : By.tagName: h2
2025-09-25 12:37:24 INFO  ElementUtil:362 - waiting for element using By locator: By.id: input-email within time out: 10
2025-09-25 12:37:25 INFO  ElementUtil:48 - entering the value : anu@111 into locator: By.id: input-password
2025-09-25 12:37:25 INFO  ElementUtil:125 - element is found using : By.id: input-password
2025-09-25 12:37:26 INFO  ElementUtil:63 - clicking on element using : By.xpath: //input[@value='Login']
2025-09-25 12:37:26 INFO  ElementUtil:125 - element is found using : By.xpath: //input[@value='Login']
2025-09-25 12:37:27 INFO  ElementUtil:362 - waiting for element using By locator: By.xpath: (//a[text()='Logout'])[2] within time out: 10
2025-09-25 12:37:27 INFO  ElementUtil:125 - element is found using : By.xpath: (//a[text()='Logout'])[2]
2025-09-25 12:42:05 INFO  ElementUtil:125 - element is found using : By.linkText: Forgotten Password
2025-09-25 12:42:06 INFO  ElementUtil:125 - element is found using : By.tagName: h2
2025-09-25 12:42:06 INFO  ElementUtil:362 - waiting for element using By locator: By.id: input-email within time out: 10
2025-09-25 12:42:07 INFO  ElementUtil:48 - entering the value : anu@111 into locator: By.id: input-password
2025-09-25 12:42:07 INFO  ElementUtil:125 - element is found using : By.id: input-password
2025-09-25 12:42:08 INFO  ElementUtil:63 - clicking on element using : By.xpath: //input[@value='Login']
2025-09-25 12:42:08 INFO  ElementUtil:125 - element is found using : By.xpath: //input[@value='Login']
2025-09-25 12:42:09 INFO  ElementUtil:362 - waiting for element using By locator: By.xpath: (//a[text()='Logout'])[2] within time out: 10
2025-09-25 12:42:10 INFO  ElementUtil:125 - element is found using : By.xpath: (//a[text()='Logout'])[2]
2025-09-25 13:33:29 INFO  ElementUtil:125 - element is found using : By.linkText: Forgotten Password
2025-09-25 13:33:29 INFO  ElementUtil:125 - element is found using : By.tagName: h2
2025-09-25 13:33:30 INFO  ElementUtil:362 - waiting for element using By locator: By.id: input-email within time out: 10
2025-09-25 13:33:31 INFO  ElementUtil:48 - entering the value : anu@111 into locator: By.id: input-password
2025-09-25 13:33:31 INFO  ElementUtil:125 - element is found using : By.id: input-password
2025-09-25 13:33:32 INFO  ElementUtil:63 - clicking on element using : By.xpath: //input[@value='Login']
2025-09-25 13:33:32 INFO  ElementUtil:125 - element is found using : By.xpath: //input[@value='Login']
2025-09-25 13:33:33 INFO  ElementUtil:362 - waiting for element using By locator: By.xpath: (//a[text()='Logout'])[2] within time out: 10
2025-09-25 13:33:34 INFO  ElementUtil:125 - element is found using : By.xpath: (//a[text()='Logout'])[2]
2025-10-10 17:43:50 INFO  ElementUtil:125 - element is found using : By.linkText: Forgotten Password
2025-10-10 17:43:51 INFO  ElementUtil:125 - element is found using : By.tagName: h2
2025-10-10 17:43:51 INFO  ElementUtil:362 - waiting for element using By locator: By.id: input-email within time out: 10
2025-10-10 17:43:52 INFO  ElementUtil:48 - entering the value : anu@111 into locator: By.id: input-password
2025-10-10 17:43:52 INFO  ElementUtil:125 - element is found using : By.id: input-password
2025-10-10 17:43:53 INFO  ElementUtil:63 - clicking on element using : By.xpath: //input[@value='Login']
2025-10-10 17:43:53 INFO  ElementUtil:125 - element is found using : By.xpath: //input[@value='Login']
2025-10-10 17:43:54 INFO  ElementUtil:362 - waiting for element using By locator: By.xpath: (//a[text()='Logout'])[2] within time out: 10
2025-10-10 17:43:55 INFO  ElementUtil:125 - element is found using : By.xpath: (//a[text()='Logout'])[2]
2025-10-10 18:13:41 INFO  ElementUtil:125 - element is found using : By.linkText: Forgotten Password
2025-10-10 18:13:43 INFO  ElementUtil:125 - element is found using : By.tagName: h2
2025-10-10 18:13:44 INFO  ElementUtil:362 - waiting for element using By locator: By.id: input-email within time out: 10
2025-10-10 18:13:45 INFO  ElementUtil:48 - entering the value : anu@111 into locator: By.id: input-password
2025-10-10 18:13:45 INFO  ElementUtil:125 - element is found using : By.id: input-password
2025-10-10 18:13:45 INFO  ElementUtil:63 - clicking on element using : By.xpath: //input[@value='Login']
2025-10-10 18:13:45 INFO  ElementUtil:125 - element is found using : By.xpath: //input[@value='Login']
2025-10-10 18:13:47 INFO  ElementUtil:362 - waiting for element using By locator: By.xpath: (//a[text()='Logout'])[2] within time out: 10
2025-10-10 18:13:48 INFO  ElementUtil:125 - element is found using : By.xpath: (//a[text()='Logout'])[2]
2025-10-13 12:03:25 INFO  ElementUtil:125 - element is found using : By.linkText: Forgotten Password
2025-10-13 12:03:26 INFO  ElementUtil:125 - element is found using : By.tagName: h2
2025-10-13 12:03:27 INFO  ElementUtil:362 - waiting for element using By locator: By.id: input-email within time out: 10
2025-10-13 12:03:28 INFO  ElementUtil:48 - entering the value : anu@111 into locator: By.id: input-password
2025-10-13 12:03:28 INFO  ElementUtil:125 - element is found using : By.id: input-password
2025-10-13 12:03:29 INFO  ElementUtil:63 - clicking on element using : By.xpath: //input[@value='Login']
2025-10-13 12:03:29 INFO  ElementUtil:125 - element is found using : By.xpath: //input[@value='Login']
2025-10-13 12:03:33 INFO  ElementUtil:362 - waiting for element using By locator: By.xpath: (//a[text()='Logout'])[2] within time out: 10
2025-10-13 12:03:34 INFO  ElementUtil:125 - element is found using : By.xpath: (//a[text()='Logout'])[2]
2025-10-13 12:07:55 INFO  ElementUtil:131 - Element not found using By.linkText: Forgotten Password1111
com.qa.opencart.exceptions.FrameworkException: invalid locator  : By.linkText: Forgotten Password1111
	at com.qa.opencart.utils.ElementUtil.getElement(ElementUtil.java:130) ~[classes/:?]
	at com.qa.opencart.utils.ElementUtil.isElementDisplayed(ElementUtil.java:82) ~[classes/:?]
	at com.qa.opencart.pages.LoginPage.isForgotPwdLinkExist(LoginPage.java:57) ~[classes/:?]
	at com.qa.opencart.tests.LoginPageTest.isForgotPWDLinkExistTest(LoginPageTest.java:50) ~[test-classes/:?]
	at java.base/jdk.internal.reflect.DirectMethodHandleAccessor.invoke(DirectMethodHandleAccessor.java:103) ~[?:?]
	at java.base/java.lang.reflect.Method.invoke(Method.java:580) ~[?:?]
	at org.testng.internal.invokers.MethodInvocationHelper.invokeMethod(MethodInvocationHelper.java:141) ~[testng-7.10.2.jar:7.10.2]
	at org.testng.internal.invokers.TestInvoker.invokeMethod(TestInvoker.java:686) ~[testng-7.10.2.jar:7.10.2]
	at org.testng.internal.invokers.TestInvoker.invokeTestMethod(TestInvoker.java:230) ~[testng-7.10.2.jar:7.10.2]
	at org.testng.internal.invokers.MethodRunner.runInSequence(MethodRunner.java:63) ~[testng-7.10.2.jar:7.10.2]
	at org.testng.internal.invokers.TestInvoker$MethodInvocationAgent.invoke(TestInvoker.java:992) ~[testng-7.10.2.jar:7.10.2]
	at org.testng.internal.invokers.TestInvoker.invokeTestMethods(TestInvoker.java:203) ~[testng-7.10.2.jar:7.10.2]
	at org.testng.internal.invokers.TestMethodWorker.invokeTestMethods(TestMethodWorker.java:154) ~[testng-7.10.2.jar:7.10.2]
	at org.testng.internal.invokers.TestMethodWorker.run(TestMethodWorker.java:134) ~[testng-7.10.2.jar:7.10.2]
	at java.base/java.util.ArrayList.forEach(ArrayList.java:1596) ~[?:?]
	at org.testng.TestRunner.privateRun(TestRunner.java:739) ~[testng-7.10.2.jar:7.10.2]
	at org.testng.TestRunner.run(TestRunner.java:614) ~[testng-7.10.2.jar:7.10.2]
	at org.testng.SuiteRunner.runTest(SuiteRunner.java:421) ~[testng-7.10.2.jar:7.10.2]
	at org.testng.SuiteRunner$SuiteWorker.run(SuiteRunner.java:463) ~[testng-7.10.2.jar:7.10.2]
	at org.testng.internal.thread.ThreadUtil.lambda$execute$0(ThreadUtil.java:64) ~[testng-7.10.2.jar:7.10.2]
	at java.base/java.util.concurrent.FutureTask.run(FutureTask.java:317) ~[?:?]
	at java.base/java.util.concurrent.ThreadPoolExecutor.runWorker(ThreadPoolExecutor.java:1144) ~[?:?]
	at java.base/java.util.concurrent.ThreadPoolExecutor$Worker.run(ThreadPoolExecutor.java:642) ~[?:?]
	at java.base/java.lang.Thread.run(Thread.java:1583) [?:?]
2025-10-13 12:07:56 INFO  ElementUtil:131 - Element not found using By.linkText: Forgotten Password1111
com.qa.opencart.exceptions.FrameworkException: invalid locator  : By.linkText: Forgotten Password1111
	at com.qa.opencart.utils.ElementUtil.getElement(ElementUtil.java:130) ~[classes/:?]
	at com.qa.opencart.utils.ElementUtil.isElementDisplayed(ElementUtil.java:82) ~[classes/:?]
	at com.qa.opencart.pages.LoginPage.isForgotPwdLinkExist(LoginPage.java:57) ~[classes/:?]
	at com.qa.opencart.tests.LoginPageTest.isForgotPWDLinkExistTest(LoginPageTest.java:50) ~[test-classes/:?]
	at java.base/jdk.internal.reflect.DirectMethodHandleAccessor.invoke(DirectMethodHandleAccessor.java:103) ~[?:?]
	at java.base/java.lang.reflect.Method.invoke(Method.java:580) ~[?:?]
	at org.testng.internal.invokers.MethodInvocationHelper.invokeMethod(MethodInvocationHelper.java:141) ~[testng-7.10.2.jar:7.10.2]
	at org.testng.internal.invokers.TestInvoker.invokeMethod(TestInvoker.java:686) ~[testng-7.10.2.jar:7.10.2]
	at org.testng.internal.invokers.TestInvoker.retryFailed(TestInvoker.java:269) ~[testng-7.10.2.jar:7.10.2]
	at org.testng.internal.invokers.MethodRunner.runInSequence(MethodRunner.java:76) ~[testng-7.10.2.jar:7.10.2]
	at org.testng.internal.invokers.TestInvoker$MethodInvocationAgent.invoke(TestInvoker.java:992) ~[testng-7.10.2.jar:7.10.2]
	at org.testng.internal.invokers.TestInvoker.invokeTestMethods(TestInvoker.java:203) ~[testng-7.10.2.jar:7.10.2]
	at org.testng.internal.invokers.TestMethodWorker.invokeTestMethods(TestMethodWorker.java:154) ~[testng-7.10.2.jar:7.10.2]
	at org.testng.internal.invokers.TestMethodWorker.run(TestMethodWorker.java:134) ~[testng-7.10.2.jar:7.10.2]
	at java.base/java.util.ArrayList.forEach(ArrayList.java:1596) ~[?:?]
	at org.testng.TestRunner.privateRun(TestRunner.java:739) ~[testng-7.10.2.jar:7.10.2]
	at org.testng.TestRunner.run(TestRunner.java:614) ~[testng-7.10.2.jar:7.10.2]
	at org.testng.SuiteRunner.runTest(SuiteRunner.java:421) ~[testng-7.10.2.jar:7.10.2]
	at org.testng.SuiteRunner$SuiteWorker.run(SuiteRunner.java:463) ~[testng-7.10.2.jar:7.10.2]
	at org.testng.internal.thread.ThreadUtil.lambda$execute$0(ThreadUtil.java:64) ~[testng-7.10.2.jar:7.10.2]
	at java.base/java.util.concurrent.FutureTask.run(FutureTask.java:317) ~[?:?]
	at java.base/java.util.concurrent.ThreadPoolExecutor.runWorker(ThreadPoolExecutor.java:1144) ~[?:?]
	at java.base/java.util.concurrent.ThreadPoolExecutor$Worker.run(ThreadPoolExecutor.java:642) ~[?:?]
	at java.base/java.lang.Thread.run(Thread.java:1583) [?:?]
2025-10-13 12:07:56 INFO  ElementUtil:131 - Element not found using By.linkText: Forgotten Password1111
com.qa.opencart.exceptions.FrameworkException: invalid locator  : By.linkText: Forgotten Password1111
	at com.qa.opencart.utils.ElementUtil.getElement(ElementUtil.java:130) ~[classes/:?]
	at com.qa.opencart.utils.ElementUtil.isElementDisplayed(ElementUtil.java:82) ~[classes/:?]
	at com.qa.opencart.pages.LoginPage.isForgotPwdLinkExist(LoginPage.java:57) ~[classes/:?]
	at com.qa.opencart.tests.LoginPageTest.isForgotPWDLinkExistTest(LoginPageTest.java:50) ~[test-classes/:?]
	at java.base/jdk.internal.reflect.DirectMethodHandleAccessor.invoke(DirectMethodHandleAccessor.java:103) ~[?:?]
	at java.base/java.lang.reflect.Method.invoke(Method.java:580) ~[?:?]
	at org.testng.internal.invokers.MethodInvocationHelper.invokeMethod(MethodInvocationHelper.java:141) ~[testng-7.10.2.jar:7.10.2]
	at org.testng.internal.invokers.TestInvoker.invokeMethod(TestInvoker.java:686) ~[testng-7.10.2.jar:7.10.2]
	at org.testng.internal.invokers.TestInvoker.retryFailed(TestInvoker.java:269) ~[testng-7.10.2.jar:7.10.2]
	at org.testng.internal.invokers.MethodRunner.runInSequence(MethodRunner.java:76) ~[testng-7.10.2.jar:7.10.2]
	at org.testng.internal.invokers.TestInvoker$MethodInvocationAgent.invoke(TestInvoker.java:992) ~[testng-7.10.2.jar:7.10.2]
	at org.testng.internal.invokers.TestInvoker.invokeTestMethods(TestInvoker.java:203) ~[testng-7.10.2.jar:7.10.2]
	at org.testng.internal.invokers.TestMethodWorker.invokeTestMethods(TestMethodWorker.java:154) ~[testng-7.10.2.jar:7.10.2]
	at org.testng.internal.invokers.TestMethodWorker.run(TestMethodWorker.java:134) ~[testng-7.10.2.jar:7.10.2]
	at java.base/java.util.ArrayList.forEach(ArrayList.java:1596) ~[?:?]
	at org.testng.TestRunner.privateRun(TestRunner.java:739) ~[testng-7.10.2.jar:7.10.2]
	at org.testng.TestRunner.run(TestRunner.java:614) ~[testng-7.10.2.jar:7.10.2]
	at org.testng.SuiteRunner.runTest(SuiteRunner.java:421) ~[testng-7.10.2.jar:7.10.2]
	at org.testng.SuiteRunner$SuiteWorker.run(SuiteRunner.java:463) ~[testng-7.10.2.jar:7.10.2]
	at org.testng.internal.thread.ThreadUtil.lambda$execute$0(ThreadUtil.java:64) ~[testng-7.10.2.jar:7.10.2]
	at java.base/java.util.concurrent.FutureTask.run(FutureTask.java:317) ~[?:?]
	at java.base/java.util.concurrent.ThreadPoolExecutor.runWorker(ThreadPoolExecutor.java:1144) ~[?:?]
	at java.base/java.util.concurrent.ThreadPoolExecutor$Worker.run(ThreadPoolExecutor.java:642) ~[?:?]
	at java.base/java.lang.Thread.run(Thread.java:1583) [?:?]
2025-10-13 12:07:56 INFO  ElementUtil:131 - Element not found using By.linkText: Forgotten Password1111
com.qa.opencart.exceptions.FrameworkException: invalid locator  : By.linkText: Forgotten Password1111
	at com.qa.opencart.utils.ElementUtil.getElement(ElementUtil.java:130) ~[classes/:?]
	at com.qa.opencart.utils.ElementUtil.isElementDisplayed(ElementUtil.java:82) ~[classes/:?]
	at com.qa.opencart.pages.LoginPage.isForgotPwdLinkExist(LoginPage.java:57) ~[classes/:?]
	at com.qa.opencart.tests.LoginPageTest.isForgotPWDLinkExistTest(LoginPageTest.java:50) ~[test-classes/:?]
	at java.base/jdk.internal.reflect.DirectMethodHandleAccessor.invoke(DirectMethodHandleAccessor.java:103) ~[?:?]
	at java.base/java.lang.reflect.Method.invoke(Method.java:580) ~[?:?]
	at org.testng.internal.invokers.MethodInvocationHelper.invokeMethod(MethodInvocationHelper.java:141) ~[testng-7.10.2.jar:7.10.2]
	at org.testng.internal.invokers.TestInvoker.invokeMethod(TestInvoker.java:686) ~[testng-7.10.2.jar:7.10.2]
	at org.testng.internal.invokers.TestInvoker.retryFailed(TestInvoker.java:269) ~[testng-7.10.2.jar:7.10.2]
	at org.testng.internal.invokers.MethodRunner.runInSequence(MethodRunner.java:76) ~[testng-7.10.2.jar:7.10.2]
	at org.testng.internal.invokers.TestInvoker$MethodInvocationAgent.invoke(TestInvoker.java:992) ~[testng-7.10.2.jar:7.10.2]
	at org.testng.internal.invokers.TestInvoker.invokeTestMethods(TestInvoker.java:203) ~[testng-7.10.2.jar:7.10.2]
	at org.testng.internal.invokers.TestMethodWorker.invokeTestMethods(TestMethodWorker.java:154) ~[testng-7.10.2.jar:7.10.2]
	at org.testng.internal.invokers.TestMethodWorker.run(TestMethodWorker.java:134) ~[testng-7.10.2.jar:7.10.2]
	at java.base/java.util.ArrayList.forEach(ArrayList.java:1596) ~[?:?]
	at org.testng.TestRunner.privateRun(TestRunner.java:739) ~[testng-7.10.2.jar:7.10.2]
	at org.testng.TestRunner.run(TestRunner.java:614) ~[testng-7.10.2.jar:7.10.2]
	at org.testng.SuiteRunner.runTest(SuiteRunner.java:421) ~[testng-7.10.2.jar:7.10.2]
	at org.testng.SuiteRunner$SuiteWorker.run(SuiteRunner.java:463) ~[testng-7.10.2.jar:7.10.2]
	at org.testng.internal.thread.ThreadUtil.lambda$execute$0(ThreadUtil.java:64) ~[testng-7.10.2.jar:7.10.2]
	at java.base/java.util.concurrent.FutureTask.run(FutureTask.java:317) ~[?:?]
	at java.base/java.util.concurrent.ThreadPoolExecutor.runWorker(ThreadPoolExecutor.java:1144) ~[?:?]
	at java.base/java.util.concurrent.ThreadPoolExecutor$Worker.run(ThreadPoolExecutor.java:642) ~[?:?]
	at java.base/java.lang.Thread.run(Thread.java:1583) [?:?]
2025-10-13 12:07:57 INFO  ElementUtil:125 - element is found using : By.tagName: h2
2025-10-13 12:07:57 INFO  ElementUtil:362 - waiting for element using By locator: By.id: input-email within time out: 10
2025-10-13 12:07:58 INFO  ElementUtil:48 - entering the value : anu@111 into locator: By.id: input-password
2025-10-13 12:07:58 INFO  ElementUtil:125 - element is found using : By.id: input-password
2025-10-13 12:07:59 INFO  ElementUtil:63 - clicking on element using : By.xpath: //input[@value='Login']
2025-10-13 12:07:59 INFO  ElementUtil:125 - element is found using : By.xpath: //input[@value='Login']
2025-10-13 12:08:00 INFO  ElementUtil:362 - waiting for element using By locator: By.xpath: (//a[text()='Logout'])[2] within time out: 10
2025-10-13 12:08:01 INFO  ElementUtil:125 - element is found using : By.xpath: (//a[text()='Logout'])[2]
2025-10-13 12:19:08 INFO  ElementUtil:131 - Element not found using By.linkText: Forgotten Password1111
com.qa.opencart.exceptions.FrameworkException: invalid locator  : By.linkText: Forgotten Password1111
	at com.qa.opencart.utils.ElementUtil.getElement(ElementUtil.java:130) ~[classes/:?]
	at com.qa.opencart.utils.ElementUtil.isElementDisplayed(ElementUtil.java:82) ~[classes/:?]
	at com.qa.opencart.pages.LoginPage.isForgotPwdLinkExist(LoginPage.java:57) ~[classes/:?]
	at com.qa.opencart.tests.LoginPageTest.isForgotPWDLinkExistTest(LoginPageTest.java:50) ~[test-classes/:?]
	at java.base/jdk.internal.reflect.DirectMethodHandleAccessor.invoke(DirectMethodHandleAccessor.java:103) ~[?:?]
	at java.base/java.lang.reflect.Method.invoke(Method.java:580) ~[?:?]
	at org.testng.internal.invokers.MethodInvocationHelper.invokeMethod(MethodInvocationHelper.java:141) ~[testng-7.10.2.jar:7.10.2]
	at org.testng.internal.invokers.TestInvoker.invokeMethod(TestInvoker.java:686) ~[testng-7.10.2.jar:7.10.2]
	at org.testng.internal.invokers.TestInvoker.invokeTestMethod(TestInvoker.java:230) ~[testng-7.10.2.jar:7.10.2]
	at org.testng.internal.invokers.MethodRunner.runInSequence(MethodRunner.java:63) ~[testng-7.10.2.jar:7.10.2]
	at org.testng.internal.invokers.TestInvoker$MethodInvocationAgent.invoke(TestInvoker.java:992) ~[testng-7.10.2.jar:7.10.2]
	at org.testng.internal.invokers.TestInvoker.invokeTestMethods(TestInvoker.java:203) ~[testng-7.10.2.jar:7.10.2]
	at org.testng.internal.invokers.TestMethodWorker.invokeTestMethods(TestMethodWorker.java:154) ~[testng-7.10.2.jar:7.10.2]
	at org.testng.internal.invokers.TestMethodWorker.run(TestMethodWorker.java:134) ~[testng-7.10.2.jar:7.10.2]
	at java.base/java.util.ArrayList.forEach(ArrayList.java:1596) ~[?:?]
	at org.testng.TestRunner.privateRun(TestRunner.java:739) ~[testng-7.10.2.jar:7.10.2]
	at org.testng.TestRunner.run(TestRunner.java:614) ~[testng-7.10.2.jar:7.10.2]
	at org.testng.SuiteRunner.runTest(SuiteRunner.java:421) ~[testng-7.10.2.jar:7.10.2]
	at org.testng.SuiteRunner$SuiteWorker.run(SuiteRunner.java:463) ~[testng-7.10.2.jar:7.10.2]
	at org.testng.internal.thread.ThreadUtil.lambda$execute$0(ThreadUtil.java:64) ~[testng-7.10.2.jar:7.10.2]
	at java.base/java.util.concurrent.FutureTask.run(FutureTask.java:317) ~[?:?]
	at java.base/java.util.concurrent.ThreadPoolExecutor.runWorker(ThreadPoolExecutor.java:1144) ~[?:?]
	at java.base/java.util.concurrent.ThreadPoolExecutor$Worker.run(ThreadPoolExecutor.java:642) ~[?:?]
	at java.base/java.lang.Thread.run(Thread.java:1583) [?:?]
2025-10-13 12:19:09 INFO  ElementUtil:131 - Element not found using By.linkText: Forgotten Password1111
com.qa.opencart.exceptions.FrameworkException: invalid locator  : By.linkText: Forgotten Password1111
	at com.qa.opencart.utils.ElementUtil.getElement(ElementUtil.java:130) ~[classes/:?]
	at com.qa.opencart.utils.ElementUtil.isElementDisplayed(ElementUtil.java:82) ~[classes/:?]
	at com.qa.opencart.pages.LoginPage.isForgotPwdLinkExist(LoginPage.java:57) ~[classes/:?]
	at com.qa.opencart.tests.LoginPageTest.isForgotPWDLinkExistTest(LoginPageTest.java:50) ~[test-classes/:?]
	at java.base/jdk.internal.reflect.DirectMethodHandleAccessor.invoke(DirectMethodHandleAccessor.java:103) ~[?:?]
	at java.base/java.lang.reflect.Method.invoke(Method.java:580) ~[?:?]
	at org.testng.internal.invokers.MethodInvocationHelper.invokeMethod(MethodInvocationHelper.java:141) ~[testng-7.10.2.jar:7.10.2]
	at org.testng.internal.invokers.TestInvoker.invokeMethod(TestInvoker.java:686) ~[testng-7.10.2.jar:7.10.2]
	at org.testng.internal.invokers.TestInvoker.retryFailed(TestInvoker.java:269) ~[testng-7.10.2.jar:7.10.2]
	at org.testng.internal.invokers.MethodRunner.runInSequence(MethodRunner.java:76) ~[testng-7.10.2.jar:7.10.2]
	at org.testng.internal.invokers.TestInvoker$MethodInvocationAgent.invoke(TestInvoker.java:992) ~[testng-7.10.2.jar:7.10.2]
	at org.testng.internal.invokers.TestInvoker.invokeTestMethods(TestInvoker.java:203) ~[testng-7.10.2.jar:7.10.2]
	at org.testng.internal.invokers.TestMethodWorker.invokeTestMethods(TestMethodWorker.java:154) ~[testng-7.10.2.jar:7.10.2]
	at org.testng.internal.invokers.TestMethodWorker.run(TestMethodWorker.java:134) ~[testng-7.10.2.jar:7.10.2]
	at java.base/java.util.ArrayList.forEach(ArrayList.java:1596) ~[?:?]
	at org.testng.TestRunner.privateRun(TestRunner.java:739) ~[testng-7.10.2.jar:7.10.2]
	at org.testng.TestRunner.run(TestRunner.java:614) ~[testng-7.10.2.jar:7.10.2]
	at org.testng.SuiteRunner.runTest(SuiteRunner.java:421) ~[testng-7.10.2.jar:7.10.2]
	at org.testng.SuiteRunner$SuiteWorker.run(SuiteRunner.java:463) ~[testng-7.10.2.jar:7.10.2]
	at org.testng.internal.thread.ThreadUtil.lambda$execute$0(ThreadUtil.java:64) ~[testng-7.10.2.jar:7.10.2]
	at java.base/java.util.concurrent.FutureTask.run(FutureTask.java:317) ~[?:?]
	at java.base/java.util.concurrent.ThreadPoolExecutor.runWorker(ThreadPoolExecutor.java:1144) ~[?:?]
	at java.base/java.util.concurrent.ThreadPoolExecutor$Worker.run(ThreadPoolExecutor.java:642) ~[?:?]
	at java.base/java.lang.Thread.run(Thread.java:1583) [?:?]
2025-10-13 12:19:09 INFO  ElementUtil:131 - Element not found using By.linkText: Forgotten Password1111
com.qa.opencart.exceptions.FrameworkException: invalid locator  : By.linkText: Forgotten Password1111
	at com.qa.opencart.utils.ElementUtil.getElement(ElementUtil.java:130) ~[classes/:?]
	at com.qa.opencart.utils.ElementUtil.isElementDisplayed(ElementUtil.java:82) ~[classes/:?]
	at com.qa.opencart.pages.LoginPage.isForgotPwdLinkExist(LoginPage.java:57) ~[classes/:?]
	at com.qa.opencart.tests.LoginPageTest.isForgotPWDLinkExistTest(LoginPageTest.java:50) ~[test-classes/:?]
	at java.base/jdk.internal.reflect.DirectMethodHandleAccessor.invoke(DirectMethodHandleAccessor.java:103) ~[?:?]
	at java.base/java.lang.reflect.Method.invoke(Method.java:580) ~[?:?]
	at org.testng.internal.invokers.MethodInvocationHelper.invokeMethod(MethodInvocationHelper.java:141) ~[testng-7.10.2.jar:7.10.2]
	at org.testng.internal.invokers.TestInvoker.invokeMethod(TestInvoker.java:686) ~[testng-7.10.2.jar:7.10.2]
	at org.testng.internal.invokers.TestInvoker.retryFailed(TestInvoker.java:269) ~[testng-7.10.2.jar:7.10.2]
	at org.testng.internal.invokers.MethodRunner.runInSequence(MethodRunner.java:76) ~[testng-7.10.2.jar:7.10.2]
	at org.testng.internal.invokers.TestInvoker$MethodInvocationAgent.invoke(TestInvoker.java:992) ~[testng-7.10.2.jar:7.10.2]
	at org.testng.internal.invokers.TestInvoker.invokeTestMethods(TestInvoker.java:203) ~[testng-7.10.2.jar:7.10.2]
	at org.testng.internal.invokers.TestMethodWorker.invokeTestMethods(TestMethodWorker.java:154) ~[testng-7.10.2.jar:7.10.2]
	at org.testng.internal.invokers.TestMethodWorker.run(TestMethodWorker.java:134) ~[testng-7.10.2.jar:7.10.2]
	at java.base/java.util.ArrayList.forEach(ArrayList.java:1596) ~[?:?]
	at org.testng.TestRunner.privateRun(TestRunner.java:739) ~[testng-7.10.2.jar:7.10.2]
	at org.testng.TestRunner.run(TestRunner.java:614) ~[testng-7.10.2.jar:7.10.2]
	at org.testng.SuiteRunner.runTest(SuiteRunner.java:421) ~[testng-7.10.2.jar:7.10.2]
	at org.testng.SuiteRunner$SuiteWorker.run(SuiteRunner.java:463) ~[testng-7.10.2.jar:7.10.2]
	at org.testng.internal.thread.ThreadUtil.lambda$execute$0(ThreadUtil.java:64) ~[testng-7.10.2.jar:7.10.2]
	at java.base/java.util.concurrent.FutureTask.run(FutureTask.java:317) ~[?:?]
	at java.base/java.util.concurrent.ThreadPoolExecutor.runWorker(ThreadPoolExecutor.java:1144) ~[?:?]
	at java.base/java.util.concurrent.ThreadPoolExecutor$Worker.run(ThreadPoolExecutor.java:642) ~[?:?]
	at java.base/java.lang.Thread.run(Thread.java:1583) [?:?]
2025-10-13 12:19:09 INFO  ElementUtil:131 - Element not found using By.linkText: Forgotten Password1111
com.qa.opencart.exceptions.FrameworkException: invalid locator  : By.linkText: Forgotten Password1111
	at com.qa.opencart.utils.ElementUtil.getElement(ElementUtil.java:130) ~[classes/:?]
	at com.qa.opencart.utils.ElementUtil.isElementDisplayed(ElementUtil.java:82) ~[classes/:?]
	at com.qa.opencart.pages.LoginPage.isForgotPwdLinkExist(LoginPage.java:57) ~[classes/:?]
	at com.qa.opencart.tests.LoginPageTest.isForgotPWDLinkExistTest(LoginPageTest.java:50) ~[test-classes/:?]
	at java.base/jdk.internal.reflect.DirectMethodHandleAccessor.invoke(DirectMethodHandleAccessor.java:103) ~[?:?]
	at java.base/java.lang.reflect.Method.invoke(Method.java:580) ~[?:?]
	at org.testng.internal.invokers.MethodInvocationHelper.invokeMethod(MethodInvocationHelper.java:141) ~[testng-7.10.2.jar:7.10.2]
	at org.testng.internal.invokers.TestInvoker.invokeMethod(TestInvoker.java:686) ~[testng-7.10.2.jar:7.10.2]
	at org.testng.internal.invokers.TestInvoker.retryFailed(TestInvoker.java:269) ~[testng-7.10.2.jar:7.10.2]
	at org.testng.internal.invokers.MethodRunner.runInSequence(MethodRunner.java:76) ~[testng-7.10.2.jar:7.10.2]
	at org.testng.internal.invokers.TestInvoker$MethodInvocationAgent.invoke(TestInvoker.java:992) ~[testng-7.10.2.jar:7.10.2]
	at org.testng.internal.invokers.TestInvoker.invokeTestMethods(TestInvoker.java:203) ~[testng-7.10.2.jar:7.10.2]
	at org.testng.internal.invokers.TestMethodWorker.invokeTestMethods(TestMethodWorker.java:154) ~[testng-7.10.2.jar:7.10.2]
	at org.testng.internal.invokers.TestMethodWorker.run(TestMethodWorker.java:134) ~[testng-7.10.2.jar:7.10.2]
	at java.base/java.util.ArrayList.forEach(ArrayList.java:1596) ~[?:?]
	at org.testng.TestRunner.privateRun(TestRunner.java:739) ~[testng-7.10.2.jar:7.10.2]
	at org.testng.TestRunner.run(TestRunner.java:614) ~[testng-7.10.2.jar:7.10.2]
	at org.testng.SuiteRunner.runTest(SuiteRunner.java:421) ~[testng-7.10.2.jar:7.10.2]
	at org.testng.SuiteRunner$SuiteWorker.run(SuiteRunner.java:463) ~[testng-7.10.2.jar:7.10.2]
	at org.testng.internal.thread.ThreadUtil.lambda$execute$0(ThreadUtil.java:64) ~[testng-7.10.2.jar:7.10.2]
	at java.base/java.util.concurrent.FutureTask.run(FutureTask.java:317) ~[?:?]
	at java.base/java.util.concurrent.ThreadPoolExecutor.runWorker(ThreadPoolExecutor.java:1144) ~[?:?]
	at java.base/java.util.concurrent.ThreadPoolExecutor$Worker.run(ThreadPoolExecutor.java:642) ~[?:?]
	at java.base/java.lang.Thread.run(Thread.java:1583) [?:?]
2025-10-13 12:19:09 INFO  ElementUtil:125 - element is found using : By.tagName: h2
2025-10-13 12:19:10 INFO  ElementUtil:362 - waiting for element using By locator: By.id: input-email within time out: 10
2025-10-13 12:19:11 INFO  ElementUtil:48 - entering the value : anu@111 into locator: By.id: input-password
2025-10-13 12:19:11 INFO  ElementUtil:125 - element is found using : By.id: input-password
2025-10-13 12:19:11 INFO  ElementUtil:63 - clicking on element using : By.xpath: //input[@value='Login']
2025-10-13 12:19:12 INFO  ElementUtil:125 - element is found using : By.xpath: //input[@value='Login']
2025-10-13 12:19:13 INFO  ElementUtil:362 - waiting for element using By locator: By.xpath: (//a[text()='Logout'])[2] within time out: 10
2025-10-13 12:19:14 INFO  ElementUtil:125 - element is found using : By.xpath: (//a[text()='Logout'])[2]
2025-10-13 15:28:10 INFO  ElementUtil:131 - Element not found using By.linkText: Forgotten Password1111
com.qa.opencart.exceptions.FrameworkException: invalid locator  : By.linkText: Forgotten Password1111
	at com.qa.opencart.utils.ElementUtil.getElement(ElementUtil.java:130) ~[classes/:?]
	at com.qa.opencart.utils.ElementUtil.isElementDisplayed(ElementUtil.java:82) ~[classes/:?]
	at com.qa.opencart.pages.LoginPage.isForgotPwdLinkExist(LoginPage.java:57) ~[classes/:?]
	at com.qa.opencart.tests.LoginPageTest.isForgotPWDLinkExistTest(LoginPageTest.java:50) ~[test-classes/:?]
	at java.base/jdk.internal.reflect.DirectMethodHandleAccessor.invoke(DirectMethodHandleAccessor.java:103) ~[?:?]
	at java.base/java.lang.reflect.Method.invoke(Method.java:580) ~[?:?]
	at org.testng.internal.invokers.MethodInvocationHelper.invokeMethod(MethodInvocationHelper.java:141) ~[testng-7.10.2.jar:7.10.2]
	at org.testng.internal.invokers.TestInvoker.invokeMethod(TestInvoker.java:686) ~[testng-7.10.2.jar:7.10.2]
	at org.testng.internal.invokers.TestInvoker.invokeTestMethod(TestInvoker.java:230) ~[testng-7.10.2.jar:7.10.2]
	at org.testng.internal.invokers.MethodRunner.runInSequence(MethodRunner.java:63) ~[testng-7.10.2.jar:7.10.2]
	at org.testng.internal.invokers.TestInvoker$MethodInvocationAgent.invoke(TestInvoker.java:992) ~[testng-7.10.2.jar:7.10.2]
	at org.testng.internal.invokers.TestInvoker.invokeTestMethods(TestInvoker.java:203) ~[testng-7.10.2.jar:7.10.2]
	at org.testng.internal.invokers.TestMethodWorker.invokeTestMethods(TestMethodWorker.java:154) ~[testng-7.10.2.jar:7.10.2]
	at org.testng.internal.invokers.TestMethodWorker.run(TestMethodWorker.java:134) ~[testng-7.10.2.jar:7.10.2]
	at java.base/java.util.ArrayList.forEach(ArrayList.java:1596) ~[?:?]
	at org.testng.TestRunner.privateRun(TestRunner.java:739) ~[testng-7.10.2.jar:7.10.2]
	at org.testng.TestRunner.run(TestRunner.java:614) ~[testng-7.10.2.jar:7.10.2]
	at org.testng.SuiteRunner.runTest(SuiteRunner.java:421) ~[testng-7.10.2.jar:7.10.2]
	at org.testng.SuiteRunner$SuiteWorker.run(SuiteRunner.java:463) ~[testng-7.10.2.jar:7.10.2]
	at org.testng.internal.thread.ThreadUtil.lambda$execute$0(ThreadUtil.java:64) ~[testng-7.10.2.jar:7.10.2]
	at java.base/java.util.concurrent.FutureTask.run(FutureTask.java:317) ~[?:?]
	at java.base/java.util.concurrent.ThreadPoolExecutor.runWorker(ThreadPoolExecutor.java:1144) ~[?:?]
	at java.base/java.util.concurrent.ThreadPoolExecutor$Worker.run(ThreadPoolExecutor.java:642) ~[?:?]
	at java.base/java.lang.Thread.run(Thread.java:1583) [?:?]
2025-10-13 15:28:10 INFO  ElementUtil:131 - Element not found using By.linkText: Forgotten Password1111
com.qa.opencart.exceptions.FrameworkException: invalid locator  : By.linkText: Forgotten Password1111
	at com.qa.opencart.utils.ElementUtil.getElement(ElementUtil.java:130) ~[classes/:?]
	at com.qa.opencart.utils.ElementUtil.isElementDisplayed(ElementUtil.java:82) ~[classes/:?]
	at com.qa.opencart.pages.LoginPage.isForgotPwdLinkExist(LoginPage.java:57) ~[classes/:?]
	at com.qa.opencart.tests.LoginPageTest.isForgotPWDLinkExistTest(LoginPageTest.java:50) ~[test-classes/:?]
	at java.base/jdk.internal.reflect.DirectMethodHandleAccessor.invoke(DirectMethodHandleAccessor.java:103) ~[?:?]
	at java.base/java.lang.reflect.Method.invoke(Method.java:580) ~[?:?]
	at org.testng.internal.invokers.MethodInvocationHelper.invokeMethod(MethodInvocationHelper.java:141) ~[testng-7.10.2.jar:7.10.2]
	at org.testng.internal.invokers.TestInvoker.invokeMethod(TestInvoker.java:686) ~[testng-7.10.2.jar:7.10.2]
	at org.testng.internal.invokers.TestInvoker.retryFailed(TestInvoker.java:269) ~[testng-7.10.2.jar:7.10.2]
	at org.testng.internal.invokers.MethodRunner.runInSequence(MethodRunner.java:76) ~[testng-7.10.2.jar:7.10.2]
	at org.testng.internal.invokers.TestInvoker$MethodInvocationAgent.invoke(TestInvoker.java:992) ~[testng-7.10.2.jar:7.10.2]
	at org.testng.internal.invokers.TestInvoker.invokeTestMethods(TestInvoker.java:203) ~[testng-7.10.2.jar:7.10.2]
	at org.testng.internal.invokers.TestMethodWorker.invokeTestMethods(TestMethodWorker.java:154) ~[testng-7.10.2.jar:7.10.2]
	at org.testng.internal.invokers.TestMethodWorker.run(TestMethodWorker.java:134) ~[testng-7.10.2.jar:7.10.2]
	at java.base/java.util.ArrayList.forEach(ArrayList.java:1596) ~[?:?]
	at org.testng.TestRunner.privateRun(TestRunner.java:739) ~[testng-7.10.2.jar:7.10.2]
	at org.testng.TestRunner.run(TestRunner.java:614) ~[testng-7.10.2.jar:7.10.2]
	at org.testng.SuiteRunner.runTest(SuiteRunner.java:421) ~[testng-7.10.2.jar:7.10.2]
	at org.testng.SuiteRunner$SuiteWorker.run(SuiteRunner.java:463) ~[testng-7.10.2.jar:7.10.2]
	at org.testng.internal.thread.ThreadUtil.lambda$execute$0(ThreadUtil.java:64) ~[testng-7.10.2.jar:7.10.2]
	at java.base/java.util.concurrent.FutureTask.run(FutureTask.java:317) ~[?:?]
	at java.base/java.util.concurrent.ThreadPoolExecutor.runWorker(ThreadPoolExecutor.java:1144) ~[?:?]
	at java.base/java.util.concurrent.ThreadPoolExecutor$Worker.run(ThreadPoolExecutor.java:642) ~[?:?]
	at java.base/java.lang.Thread.run(Thread.java:1583) [?:?]
2025-10-13 15:28:11 INFO  ElementUtil:131 - Element not found using By.linkText: Forgotten Password1111
com.qa.opencart.exceptions.FrameworkException: invalid locator  : By.linkText: Forgotten Password1111
	at com.qa.opencart.utils.ElementUtil.getElement(ElementUtil.java:130) ~[classes/:?]
	at com.qa.opencart.utils.ElementUtil.isElementDisplayed(ElementUtil.java:82) ~[classes/:?]
	at com.qa.opencart.pages.LoginPage.isForgotPwdLinkExist(LoginPage.java:57) ~[classes/:?]
	at com.qa.opencart.tests.LoginPageTest.isForgotPWDLinkExistTest(LoginPageTest.java:50) ~[test-classes/:?]
	at java.base/jdk.internal.reflect.DirectMethodHandleAccessor.invoke(DirectMethodHandleAccessor.java:103) ~[?:?]
	at java.base/java.lang.reflect.Method.invoke(Method.java:580) ~[?:?]
	at org.testng.internal.invokers.MethodInvocationHelper.invokeMethod(MethodInvocationHelper.java:141) ~[testng-7.10.2.jar:7.10.2]
	at org.testng.internal.invokers.TestInvoker.invokeMethod(TestInvoker.java:686) ~[testng-7.10.2.jar:7.10.2]
	at org.testng.internal.invokers.TestInvoker.retryFailed(TestInvoker.java:269) ~[testng-7.10.2.jar:7.10.2]
	at org.testng.internal.invokers.MethodRunner.runInSequence(MethodRunner.java:76) ~[testng-7.10.2.jar:7.10.2]
	at org.testng.internal.invokers.TestInvoker$MethodInvocationAgent.invoke(TestInvoker.java:992) ~[testng-7.10.2.jar:7.10.2]
	at org.testng.internal.invokers.TestInvoker.invokeTestMethods(TestInvoker.java:203) ~[testng-7.10.2.jar:7.10.2]
	at org.testng.internal.invokers.TestMethodWorker.invokeTestMethods(TestMethodWorker.java:154) ~[testng-7.10.2.jar:7.10.2]
	at org.testng.internal.invokers.TestMethodWorker.run(TestMethodWorker.java:134) ~[testng-7.10.2.jar:7.10.2]
	at java.base/java.util.ArrayList.forEach(ArrayList.java:1596) ~[?:?]
	at org.testng.TestRunner.privateRun(TestRunner.java:739) ~[testng-7.10.2.jar:7.10.2]
	at org.testng.TestRunner.run(TestRunner.java:614) ~[testng-7.10.2.jar:7.10.2]
	at org.testng.SuiteRunner.runTest(SuiteRunner.java:421) ~[testng-7.10.2.jar:7.10.2]
	at org.testng.SuiteRunner$SuiteWorker.run(SuiteRunner.java:463) ~[testng-7.10.2.jar:7.10.2]
	at org.testng.internal.thread.ThreadUtil.lambda$execute$0(ThreadUtil.java:64) ~[testng-7.10.2.jar:7.10.2]
	at java.base/java.util.concurrent.FutureTask.run(FutureTask.java:317) ~[?:?]
	at java.base/java.util.concurrent.ThreadPoolExecutor.runWorker(ThreadPoolExecutor.java:1144) ~[?:?]
	at java.base/java.util.concurrent.ThreadPoolExecutor$Worker.run(ThreadPoolExecutor.java:642) ~[?:?]
	at java.base/java.lang.Thread.run(Thread.java:1583) [?:?]
2025-10-13 15:28:11 INFO  ElementUtil:131 - Element not found using By.linkText: Forgotten Password1111
com.qa.opencart.exceptions.FrameworkException: invalid locator  : By.linkText: Forgotten Password1111
	at com.qa.opencart.utils.ElementUtil.getElement(ElementUtil.java:130) ~[classes/:?]
	at com.qa.opencart.utils.ElementUtil.isElementDisplayed(ElementUtil.java:82) ~[classes/:?]
	at com.qa.opencart.pages.LoginPage.isForgotPwdLinkExist(LoginPage.java:57) ~[classes/:?]
	at com.qa.opencart.tests.LoginPageTest.isForgotPWDLinkExistTest(LoginPageTest.java:50) ~[test-classes/:?]
	at java.base/jdk.internal.reflect.DirectMethodHandleAccessor.invoke(DirectMethodHandleAccessor.java:103) ~[?:?]
	at java.base/java.lang.reflect.Method.invoke(Method.java:580) ~[?:?]
	at org.testng.internal.invokers.MethodInvocationHelper.invokeMethod(MethodInvocationHelper.java:141) ~[testng-7.10.2.jar:7.10.2]
	at org.testng.internal.invokers.TestInvoker.invokeMethod(TestInvoker.java:686) ~[testng-7.10.2.jar:7.10.2]
	at org.testng.internal.invokers.TestInvoker.retryFailed(TestInvoker.java:269) ~[testng-7.10.2.jar:7.10.2]
	at org.testng.internal.invokers.MethodRunner.runInSequence(MethodRunner.java:76) ~[testng-7.10.2.jar:7.10.2]
	at org.testng.internal.invokers.TestInvoker$MethodInvocationAgent.invoke(TestInvoker.java:992) ~[testng-7.10.2.jar:7.10.2]
	at org.testng.internal.invokers.TestInvoker.invokeTestMethods(TestInvoker.java:203) ~[testng-7.10.2.jar:7.10.2]
	at org.testng.internal.invokers.TestMethodWorker.invokeTestMethods(TestMethodWorker.java:154) ~[testng-7.10.2.jar:7.10.2]
	at org.testng.internal.invokers.TestMethodWorker.run(TestMethodWorker.java:134) ~[testng-7.10.2.jar:7.10.2]
	at java.base/java.util.ArrayList.forEach(ArrayList.java:1596) ~[?:?]
	at org.testng.TestRunner.privateRun(TestRunner.java:739) ~[testng-7.10.2.jar:7.10.2]
	at org.testng.TestRunner.run(TestRunner.java:614) ~[testng-7.10.2.jar:7.10.2]
	at org.testng.SuiteRunner.runTest(SuiteRunner.java:421) ~[testng-7.10.2.jar:7.10.2]
	at org.testng.SuiteRunner$SuiteWorker.run(SuiteRunner.java:463) ~[testng-7.10.2.jar:7.10.2]
	at org.testng.internal.thread.ThreadUtil.lambda$execute$0(ThreadUtil.java:64) ~[testng-7.10.2.jar:7.10.2]
	at java.base/java.util.concurrent.FutureTask.run(FutureTask.java:317) ~[?:?]
	at java.base/java.util.concurrent.ThreadPoolExecutor.runWorker(ThreadPoolExecutor.java:1144) ~[?:?]
	at java.base/java.util.concurrent.ThreadPoolExecutor$Worker.run(ThreadPoolExecutor.java:642) ~[?:?]
	at java.base/java.lang.Thread.run(Thread.java:1583) [?:?]
2025-10-13 15:28:11 INFO  ElementUtil:125 - element is found using : By.tagName: h2
2025-10-13 15:28:12 INFO  ElementUtil:362 - waiting for element using By locator: By.id: input-email within time out: 10
2025-10-13 15:28:12 INFO  ElementUtil:48 - entering the value : anu@111 into locator: By.id: input-password
2025-10-13 15:28:12 INFO  ElementUtil:125 - element is found using : By.id: input-password
2025-10-13 15:28:13 INFO  ElementUtil:63 - clicking on element using : By.xpath: //input[@value='Login']
2025-10-13 15:28:13 INFO  ElementUtil:125 - element is found using : By.xpath: //input[@value='Login']
2025-10-13 15:28:23 INFO  ElementUtil:362 - waiting for element using By locator: By.xpath: (//a[text()='Logout'])[2] within time out: 10
2025-10-13 15:28:24 INFO  ElementUtil:125 - element is found using : By.xpath: (//a[text()='Logout'])[2]
