<?xml version="1.0" encoding="UTF-8"?>
<!-- Generated by org.testng.reporters.JUnitReportReporter -->
<testsuite hostname="Hanuman" failures="0" tests="2" name="com.qa.opencart.tests.AccountsPageTest" time="1.507" errors="0" timestamp="2025-09-09T19:31:17 IST" skipped="0">
  <testcase classname="com.qa.opencart.tests.AccountsPageTest" name="accPageHeadersTest" time="0.170"/>
  <testcase classname="com.qa.opencart.tests.AccountsPageTest" name="getAccPageTitleTest" time="1.337"/>
</testsuite> <!-- com.qa.opencart.tests.AccountsPageTest -->
